<?xml version="1.0" encoding="UTF-8"?>
<testsuite name="com.talesofdertinia.ToDWhitelist.ToDWhitelistTest" tests="1" skipped="0" failures="0" errors="0" timestamp="2015-02-24T18:41:55" hostname="Phantoon" time="0.001">
  <properties/>
  <testcase name="test" classname="com.talesofdertinia.ToDWhitelist.ToDWhitelistTest" time="0.001"/>
  <system-out><![CDATA[]]></system-out>
  <system-err><![CDATA[]]></system-err>
</testsuite>
